<?xml version="1.0" encoding="UTF-8"?>
<!-- Generated by org.testng.reporters.JUnitXMLReporter -->
<testsuite hostname="DESKTOP-RU11HV8" ignored="0" name="Default test" tests="2" failures="0" timestamp="03 May 2021 02:40:44 GMT" time="79.378" errors="0">
  <testcase name="validateCreateAccountPageTitle" time="0.016" classname="com.crm.qa.testcases.CreateAccountTest"/>
  <testcase name="createNewContactTest" time="36.056" classname="com.crm.qa.testcases.CreateAccountTest"/>
</testsuite> <!-- Default test -->
