<?xml version="1.0" encoding="UTF-8"?>
<!-- Generated by org.testng.reporters.JUnitXMLReporter -->
<testsuite hostname="DESKTOP-RU11HV8" ignored="0" name="Test" tests="22" failures="0" timestamp="03 May 2021 02:36:51 GMT" time="310.817" errors="0">
  <testcase name="@BeforeMethod setUp" time="18.046" classname="com.crm.qa.testcases.CreateAccountTest">
    <failure type="org.openqa.selenium.TimeoutException" message="TimedPromise timed out after 10000 ms
Build info: version: &amp;apos;3.14.0&amp;apos;, revision: &amp;apos;aacccce0&amp;apos;, time: &amp;apos;2018-08-02T20:19:58.91Z&amp;apos;
System info: host: &amp;apos;DESKTOP-RU11HV8&amp;apos;, ip: &amp;apos;192.168.0.24&amp;apos;, os.name: &amp;apos;Windows 10&amp;apos;, os.arch: &amp;apos;amd64&amp;apos;, os.version: &amp;apos;10.0&amp;apos;, java.version: &amp;apos;1.8.0_161&amp;apos;
Driver info: org.openqa.selenium.firefox.FirefoxDriver
Capabilities {acceptInsecureCerts: true, browserName: firefox, browserVersion: 88.0, javascriptEnabled: true, moz:accessibilityChecks: false, moz:buildID: 20210415204500, moz:geckodriverVersion: 0.27.0, moz:headless: false, moz:processID: 8024, moz:profile: C:\Users\love brar\AppData\..., moz:shutdownTimeout: 60000, moz:useNonSpecCompliantPointerOrigin: false, moz:webdriverClick: true, pageLoadStrategy: normal, platform: WINDOWS, platformName: WINDOWS, platformVersion: 10.0, rotatable: false, setWindowRect: true, strictFileInteractability: false, timeouts: {implicit: 0, pageLoad: 300000, script: 30000}, unhandledPromptBehavior: dismiss and notify}
Session ID: 78ee7676-4ba4-4715-b719-3be01f9fed6c">
      <![CDATA[org.openqa.selenium.TimeoutException: TimedPromise timed out after 10000 ms
Build info: version: '3.14.0', revision: 'aacccce0', time: '2018-08-02T20:19:58.91Z'
System info: host: 'DESKTOP-RU11HV8', ip: '192.168.0.24', os.name: 'Windows 10', os.arch: 'amd64', os.version: '10.0', java.version: '1.8.0_161'
Driver info: org.openqa.selenium.firefox.FirefoxDriver
Capabilities {acceptInsecureCerts: true, browserName: firefox, browserVersion: 88.0, javascriptEnabled: true, moz:accessibilityChecks: false, moz:buildID: 20210415204500, moz:geckodriverVersion: 0.27.0, moz:headless: false, moz:processID: 8024, moz:profile: C:\Users\love brar\AppData\..., moz:shutdownTimeout: 60000, moz:useNonSpecCompliantPointerOrigin: false, moz:webdriverClick: true, pageLoadStrategy: normal, platform: WINDOWS, platformName: WINDOWS, platformVersion: 10.0, rotatable: false, setWindowRect: true, strictFileInteractability: false, timeouts: {implicit: 0, pageLoad: 300000, script: 30000}, unhandledPromptBehavior: dismiss and notify}
Session ID: 78ee7676-4ba4-4715-b719-3be01f9fed6c
	at org.openqa.selenium.remote.http.W3CHttpResponseCodec.createException(W3CHttpResponseCodec.java:187)
	at org.openqa.selenium.remote.http.W3CHttpResponseCodec.decode(W3CHttpResponseCodec.java:122)
	at org.openqa.selenium.remote.http.W3CHttpResponseCodec.decode(W3CHttpResponseCodec.java:49)
	at org.openqa.selenium.remote.HttpCommandExecutor.execute(HttpCommandExecutor.java:158)
	at org.openqa.selenium.remote.service.DriverCommandExecutor.execute(DriverCommandExecutor.java:83)
	at org.openqa.selenium.remote.RemoteWebDriver.execute(RemoteWebDriver.java:548)
	at org.openqa.selenium.remote.RemoteWebDriver.get(RemoteWebDriver.java:276)
	at org.openqa.selenium.support.events.EventFiringWebDriver.lambda$new$1(EventFiringWebDriver.java:105)
	at com.sun.proxy.$Proxy8.get(Unknown Source)
	at org.openqa.selenium.support.events.EventFiringWebDriver.get(EventFiringWebDriver.java:165)
	at com.crm.qa.base.TestBase.initialization(TestBase.java:58)
	at com.crm.qa.testcases.CreateAccountTest.setUp(CreateAccountTest.java:29)
... Removed 35 stack frames]]>
    </failure>
  </testcase> <!-- @BeforeMethod setUp -->
  <testcase name="@BeforeMethod setUp" time="0.0" classname="com.crm.qa.testcases.CreateAccountTest">
    <skipped/>
  </testcase> <!-- @BeforeMethod setUp -->
  <testcase name="@BeforeMethod setUp" time="16.625" classname="com.crm.qa.testcases.RegisteredPageTest">
    <failure type="org.openqa.selenium.TimeoutException" message="TimedPromise timed out after 10000 ms
Build info: version: &amp;apos;3.14.0&amp;apos;, revision: &amp;apos;aacccce0&amp;apos;, time: &amp;apos;2018-08-02T20:19:58.91Z&amp;apos;
System info: host: &amp;apos;DESKTOP-RU11HV8&amp;apos;, ip: &amp;apos;192.168.0.24&amp;apos;, os.name: &amp;apos;Windows 10&amp;apos;, os.arch: &amp;apos;amd64&amp;apos;, os.version: &amp;apos;10.0&amp;apos;, java.version: &amp;apos;1.8.0_161&amp;apos;
Driver info: org.openqa.selenium.firefox.FirefoxDriver
Capabilities {acceptInsecureCerts: true, browserName: firefox, browserVersion: 88.0, javascriptEnabled: true, moz:accessibilityChecks: false, moz:buildID: 20210415204500, moz:geckodriverVersion: 0.27.0, moz:headless: false, moz:processID: 7192, moz:profile: C:\Users\love brar\AppData\..., moz:shutdownTimeout: 60000, moz:useNonSpecCompliantPointerOrigin: false, moz:webdriverClick: true, pageLoadStrategy: normal, platform: WINDOWS, platformName: WINDOWS, platformVersion: 10.0, rotatable: false, setWindowRect: true, strictFileInteractability: false, timeouts: {implicit: 0, pageLoad: 300000, script: 30000}, unhandledPromptBehavior: dismiss and notify}
Session ID: 69638340-ccec-4054-b7ee-412d5398834a">
      <![CDATA[org.openqa.selenium.TimeoutException: TimedPromise timed out after 10000 ms
Build info: version: '3.14.0', revision: 'aacccce0', time: '2018-08-02T20:19:58.91Z'
System info: host: 'DESKTOP-RU11HV8', ip: '192.168.0.24', os.name: 'Windows 10', os.arch: 'amd64', os.version: '10.0', java.version: '1.8.0_161'
Driver info: org.openqa.selenium.firefox.FirefoxDriver
Capabilities {acceptInsecureCerts: true, browserName: firefox, browserVersion: 88.0, javascriptEnabled: true, moz:accessibilityChecks: false, moz:buildID: 20210415204500, moz:geckodriverVersion: 0.27.0, moz:headless: false, moz:processID: 7192, moz:profile: C:\Users\love brar\AppData\..., moz:shutdownTimeout: 60000, moz:useNonSpecCompliantPointerOrigin: false, moz:webdriverClick: true, pageLoadStrategy: normal, platform: WINDOWS, platformName: WINDOWS, platformVersion: 10.0, rotatable: false, setWindowRect: true, strictFileInteractability: false, timeouts: {implicit: 0, pageLoad: 300000, script: 30000}, unhandledPromptBehavior: dismiss and notify}
Session ID: 69638340-ccec-4054-b7ee-412d5398834a
	at org.openqa.selenium.remote.http.W3CHttpResponseCodec.createException(W3CHttpResponseCodec.java:187)
	at org.openqa.selenium.remote.http.W3CHttpResponseCodec.decode(W3CHttpResponseCodec.java:122)
	at org.openqa.selenium.remote.http.W3CHttpResponseCodec.decode(W3CHttpResponseCodec.java:49)
	at org.openqa.selenium.remote.HttpCommandExecutor.execute(HttpCommandExecutor.java:158)
	at org.openqa.selenium.remote.service.DriverCommandExecutor.execute(DriverCommandExecutor.java:83)
	at org.openqa.selenium.remote.RemoteWebDriver.execute(RemoteWebDriver.java:548)
	at org.openqa.selenium.remote.RemoteWebDriver.get(RemoteWebDriver.java:276)
	at org.openqa.selenium.support.events.EventFiringWebDriver.lambda$new$1(EventFiringWebDriver.java:105)
	at com.sun.proxy.$Proxy8.get(Unknown Source)
	at org.openqa.selenium.support.events.EventFiringWebDriver.get(EventFiringWebDriver.java:165)
	at com.crm.qa.base.TestBase.initialization(TestBase.java:58)
	at com.crm.qa.testcases.RegisteredPageTest.setUp(RegisteredPageTest.java:25)
... Removed 35 stack frames]]>
    </failure>
  </testcase> <!-- @BeforeMethod setUp -->
  <testcase name="@BeforeMethod setUp" time="0.0" classname="com.crm.qa.testcases.RegisteredPageTest">
    <skipped/>
  </testcase> <!-- @BeforeMethod setUp -->
  <testcase name="@BeforeMethod setUp" time="0.0" classname="com.crm.qa.testcases.RegisteredPageTest">
    <skipped/>
  </testcase> <!-- @BeforeMethod setUp -->
  <testcase name="@BeforeMethod setUp" time="0.0" classname="com.crm.qa.testcases.RegisteredPageTest">
    <skipped/>
  </testcase> <!-- @BeforeMethod setUp -->
  <testcase name="@BeforeMethod setUp" time="0.0" classname="com.crm.qa.testcases.RegisteredPageTest">
    <skipped/>
  </testcase> <!-- @BeforeMethod setUp -->
  <testcase name="@BeforeMethod setUp" time="0.0" classname="com.crm.qa.testcases.RegisteredPageTest">
    <skipped/>
  </testcase> <!-- @BeforeMethod setUp -->
  <testcase name="@BeforeMethod setUp" time="0.0" classname="com.crm.qa.testcases.RegisteredPageTest">
    <skipped/>
  </testcase> <!-- @BeforeMethod setUp -->
  <testcase name="validateLoginPageTitle" time="1.651" classname="com.crm.qa.testcases.LoginPageTest"/>
  <testcase name="validateRegisteredPageTitle" time="0.009" classname="com.crm.qa.testcases.RegisteredPageTest"/>
  <testcase name="validateCreateAccountPageTitle" time="0.001" classname="com.crm.qa.testcases.CreateAccountTest">
    <skipped/>
  </testcase> <!-- validateCreateAccountPageTitle -->
  <testcase name="validateHomePageTitle" time="0.016" classname="com.crm.qa.testcases.HomePageTest"/>
  <testcase name="validateCreateAccount" time="2.836" classname="com.crm.qa.testcases.LoginPageTest"/>
  <testcase name="validateCreateAccount" time="2.585" classname="com.crm.qa.testcases.LoginPageTest"/>
  <testcase name="validateCreateAccount" time="1.515" classname="com.crm.qa.testcases.LoginPageTest"/>
  <testcase name="validateCreateAccount" time="2.459" classname="com.crm.qa.testcases.LoginPageTest"/>
  <testcase name="LogoImageTest" time="0.16" classname="com.crm.qa.testcases.RegisteredPageTest"/>
  <testcase name="createNewContactTest" time="0.0" classname="com.crm.qa.testcases.CreateAccountTest">
    <skipped/>
  </testcase> <!-- createNewContactTest -->
  <testcase name="YourLogoImageTest" time="0.124" classname="com.crm.qa.testcases.HomePageTest"/>
  <testcase name="validateRegisteredPage" time="3.812" classname="com.crm.qa.testcases.LoginPageTest"/>
  <testcase name="RegisteredNameTest" time="0.062" classname="com.crm.qa.testcases.RegisteredPageTest"/>
  <testcase name="verifyPersonalInfoTest" time="1.67" classname="com.crm.qa.testcases.RegisteredPageTest"/>
  <testcase name="verifymyAddressTest" time="1.218" classname="com.crm.qa.testcases.RegisteredPageTest"/>
  <testcase name="verifycreditSlipsTest" time="0.0" classname="com.crm.qa.testcases.RegisteredPageTest">
    <skipped/>
  </testcase> <!-- verifycreditSlipsTest -->
  <testcase name="verifyOrderHistoryTest" time="0.0" classname="com.crm.qa.testcases.RegisteredPageTest">
    <skipped/>
  </testcase> <!-- verifyOrderHistoryTest -->
  <testcase name="verifyWishlistTest" time="0.0" classname="com.crm.qa.testcases.RegisteredPageTest">
    <skipped/>
  </testcase> <!-- verifyWishlistTest -->
  <testcase name="verifyhomeButtonTest" time="0.0" classname="com.crm.qa.testcases.RegisteredPageTest">
    <skipped/>
  </testcase> <!-- verifyhomeButtonTest -->
  <testcase name="verifylogoutButtonTest" time="0.0" classname="com.crm.qa.testcases.RegisteredPageTest">
    <skipped/>
  </testcase> <!-- verifylogoutButtonTest -->
  <testcase name="TshirtButtonTest" time="0.0" classname="com.crm.qa.testcases.RegisteredPageTest">
    <skipped/>
  </testcase> <!-- TshirtButtonTest -->
  <testcase name="WomenButtonTest" time="0.0" classname="com.crm.qa.testcases.RegisteredPageTest">
    <skipped/>
  </testcase> <!-- WomenButtonTest -->
</testsuite> <!-- Test -->
